<?xml version="1.0" encoding="UTF-8"?>
<testsuite name="AcronymTest" tests="5" skipped="0" failures="0" errors="0" timestamp="2018-09-26T14:57:19" hostname="MacBook-Pro-Andrii-2.local" time="0.005">
  <properties/>
  <testcase name="NonAcronymAllCapsWord" classname="AcronymTest" time="0.002"/>
  <testcase name="lowercaseWords" classname="AcronymTest" time="0.001"/>
  <testcase name="basic" classname="AcronymTest" time="0.0"/>
  <testcase name="punctuationWithoutWhitespace" classname="AcronymTest" time="0.0"/>
  <testcase name="punctuation" classname="AcronymTest" time="0.001"/>
  <system-out><![CDATA[]]></system-out>
  <system-err><![CDATA[]]></system-err>
</testsuite>
